<?xml version="1.0" encoding="UTF-8"?>
<testng-results ignored="0" total="1" passed="1" failed="0" skipped="0">
  <reporter-output>
  </reporter-output>
  <suite started-at="2021-09-13T14:59:35 IST" name="Default suite" finished-at="2021-09-13T15:00:58 IST" duration-ms="82304">
    <groups>
    </groups>
    <test started-at="2021-09-13T14:59:35 IST" name="Default test" finished-at="2021-09-13T15:00:58 IST" duration-ms="82304">
      <class name="testClasses.login2">
        <test-method is-config="true" signature="getReportObject()[pri:0, instance:testClasses.login2@e077866]" started-at="2021-09-13T14:59:35 IST" name="getReportObject" finished-at="2021-09-13T14:59:37 IST" duration-ms="1315" status="PASS">
          <reporter-output>
          </reporter-output>
        </test-method> <!-- getReportObject -->
        <test-method is-config="true" signature="init()[pri:0, instance:testClasses.login2@e077866]" started-at="2021-09-13T14:59:37 IST" name="init" finished-at="2021-09-13T15:00:36 IST" duration-ms="59772" status="PASS">
          <reporter-output>
          </reporter-output>
        </test-method> <!-- init -->
        <test-method signature="login()[pri:0, instance:testClasses.login2@e077866]" started-at="2021-09-13T15:00:36 IST" name="login" finished-at="2021-09-13T15:00:54 IST" duration-ms="17282" status="PASS">
          <reporter-output>
          </reporter-output>
        </test-method> <!-- login -->
        <test-method is-config="true" signature="tearDown()[pri:0, instance:testClasses.login2@e077866]" started-at="2021-09-13T15:00:54 IST" name="tearDown" finished-at="2021-09-13T15:00:55 IST" duration-ms="1683" status="PASS">
          <reporter-output>
          </reporter-output>
        </test-method> <!-- tearDown -->
        <test-method is-config="true" signature="end()[pri:0, instance:testClasses.login2@e077866]" started-at="2021-09-13T15:00:55 IST" name="end" finished-at="2021-09-13T15:00:58 IST" duration-ms="2174" status="PASS">
          <reporter-output>
          </reporter-output>
        </test-method> <!-- end -->
      </class> <!-- testClasses.login2 -->
    </test> <!-- Default test -->
  </suite> <!-- Default suite -->
</testng-results>
